2023-10-20 02:01:18,801 - [INFO] - from org.hibernate.validator.internal.util.Version in background-preinit 
HV000001: Hibernate Validator 8.0.1.Final

2023-10-20 02:01:18,855 - [INFO] - from edu.carroll.cs389.Cs389Application in restartedMain 
Starting Cs389Application using Java 17.0.8.1 with PID 12512 (C:\Users\adria\Carroll Fall 2023\CS389\Would-You-Rather-Extravaganza-main\build\classes\java\main started by adria in C:\Users\adria\Carroll Fall 2023\CS389\Would-You-Rather-Extravaganza-main)

2023-10-20 02:01:18,857 - [INFO] - from edu.carroll.cs389.Cs389Application in restartedMain 
No active profile set, falling back to 1 default profile: "default"

2023-10-20 02:01:18,913 - [INFO] - from org.springframework.boot.devtools.env.DevToolsPropertyDefaultsPostProcessor in restartedMain 
Devtools property defaults active! Set 'spring.devtools.add-properties' to 'false' to disable

2023-10-20 02:01:18,914 - [INFO] - from org.springframework.boot.devtools.env.DevToolsPropertyDefaultsPostProcessor in restartedMain 
For additional web related logging consider setting the 'logging.level.web' property to 'DEBUG'

2023-10-20 02:01:19,597 - [INFO] - from org.springframework.data.repository.config.RepositoryConfigurationDelegate in restartedMain 
Bootstrapping Spring Data JPA repositories in DEFAULT mode.

2023-10-20 02:01:19,659 - [INFO] - from org.springframework.data.repository.config.RepositoryConfigurationDelegate in restartedMain 
Finished Spring Data repository scanning in 53 ms. Found 2 JPA repository interfaces.

2023-10-20 02:01:20,210 - [INFO] - from org.springframework.boot.web.embedded.tomcat.TomcatWebServer in restartedMain 
Tomcat initialized with port(s): 8080 (http)

2023-10-20 02:01:20,219 - [INFO] - from org.apache.coyote.http11.Http11NioProtocol in restartedMain 
Initializing ProtocolHandler ["http-nio-8080"]

2023-10-20 02:01:20,220 - [INFO] - from org.apache.catalina.core.StandardService in restartedMain 
Starting service [Tomcat]

2023-10-20 02:01:20,221 - [INFO] - from org.apache.catalina.core.StandardEngine in restartedMain 
Starting Servlet engine: [Apache Tomcat/10.1.12]

2023-10-20 02:01:20,292 - [INFO] - from org.apache.catalina.core.ContainerBase.[Tomcat].[localhost].[/] in restartedMain 
Initializing Spring embedded WebApplicationContext

2023-10-20 02:01:20,294 - [INFO] - from org.springframework.boot.web.servlet.context.ServletWebServerApplicationContext in restartedMain 
Root WebApplicationContext: initialization completed in 1378 ms

2023-10-20 02:01:20,323 - [INFO] - from com.zaxxer.hikari.HikariDataSource in restartedMain 
HikariPool-1 - Starting...

2023-10-20 02:01:20,657 - [INFO] - from com.zaxxer.hikari.pool.HikariPool in restartedMain 
HikariPool-1 - Added connection com.mysql.cj.jdbc.ConnectionImpl@1c7d87dc

2023-10-20 02:01:20,659 - [INFO] - from com.zaxxer.hikari.HikariDataSource in restartedMain 
HikariPool-1 - Start completed.

2023-10-20 02:01:20,669 - [INFO] - from org.springframework.boot.autoconfigure.h2.H2ConsoleAutoConfiguration in restartedMain 
H2 console available at '/h2-console'. Database available at 'jdbc:mysql://localhost:3306/wouldyouratheroptions'

2023-10-20 02:01:20,799 - [INFO] - from org.hibernate.jpa.internal.util.LogHelper in restartedMain 
HHH000204: Processing PersistenceUnitInfo [name: default]

2023-10-20 02:01:20,864 - [INFO] - from org.hibernate.Version in restartedMain 
HHH000412: Hibernate ORM core version 6.1.7.Final

2023-10-20 02:01:21,259 - [INFO] - from SQL dialect in restartedMain 
HHH000400: Using dialect: org.hibernate.dialect.MySQLDialect

2023-10-20 02:01:22,154 - [INFO] - from org.hibernate.engine.transaction.jta.platform.internal.JtaPlatformInitiator in restartedMain 
HHH000490: Using JtaPlatform implementation: [org.hibernate.engine.transaction.jta.platform.internal.NoJtaPlatform]

2023-10-20 02:01:22,165 - [INFO] - from org.springframework.orm.jpa.LocalContainerEntityManagerFactoryBean in restartedMain 
Initialized JPA EntityManagerFactory for persistence unit 'default'

2023-10-20 02:01:22,625 - [WARN] - from org.springframework.boot.autoconfigure.orm.jpa.JpaBaseConfiguration$JpaWebConfiguration in restartedMain 
spring.jpa.open-in-view is enabled by default. Therefore, database queries may be performed during view rendering. Explicitly configure spring.jpa.open-in-view to disable this warning

2023-10-20 02:01:22,934 - [INFO] - from org.springframework.boot.devtools.autoconfigure.OptionalLiveReloadServer in restartedMain 
LiveReload server is running on port 35729

2023-10-20 02:01:22,950 - [INFO] - from org.apache.coyote.http11.Http11NioProtocol in restartedMain 
Starting ProtocolHandler ["http-nio-8080"]

2023-10-20 02:01:22,966 - [INFO] - from org.springframework.boot.web.embedded.tomcat.TomcatWebServer in restartedMain 
Tomcat started on port(s): 8080 (http) with context path ''

2023-10-20 02:01:22,973 - [INFO] - from edu.carroll.cs389.Cs389Application in restartedMain 
Started Cs389Application in 4.648 seconds (process running for 5.325)

2023-10-20 02:01:27,542 - [INFO] - from org.apache.catalina.core.ContainerBase.[Tomcat].[localhost].[/] in http-nio-8080-exec-1 
Initializing Spring DispatcherServlet 'dispatcherServlet'

2023-10-20 02:01:27,542 - [INFO] - from org.springframework.web.servlet.DispatcherServlet in http-nio-8080-exec-1 
Initializing Servlet 'dispatcherServlet'

2023-10-20 02:01:27,544 - [INFO] - from org.springframework.web.servlet.DispatcherServlet in http-nio-8080-exec-1 
Completed initialization in 0 ms

2023-10-20 02:03:05,592 - [INFO] - from org.springframework.boot.devtools.autoconfigure.LocalDevToolsAutoConfiguration$RestartingClassPathChangeChangedEventListener in File Watcher 
Restarting due to 3 class path changes (0 additions, 0 deletions, 3 modifications)

2023-10-20 02:03:05,605 - [INFO] - from org.apache.coyote.http11.Http11NioProtocol in Thread-5 
Pausing ProtocolHandler ["http-nio-8080"]

2023-10-20 02:03:05,605 - [INFO] - from org.apache.catalina.core.StandardService in Thread-5 
Stopping service [Tomcat]

2023-10-20 02:03:05,607 - [INFO] - from org.apache.catalina.core.ContainerBase.[Tomcat].[localhost].[/] in Thread-5 
Destroying Spring FrameworkServlet 'dispatcherServlet'

2023-10-20 02:03:05,609 - [INFO] - from org.apache.coyote.http11.Http11NioProtocol in Thread-5 
Stopping ProtocolHandler ["http-nio-8080"]

2023-10-20 02:03:05,612 - [INFO] - from org.apache.coyote.http11.Http11NioProtocol in Thread-5 
Destroying ProtocolHandler ["http-nio-8080"]

2023-10-20 02:03:05,613 - [INFO] - from org.springframework.orm.jpa.LocalContainerEntityManagerFactoryBean in Thread-5 
Closing JPA EntityManagerFactory for persistence unit 'default'

2023-10-20 02:03:05,616 - [INFO] - from com.zaxxer.hikari.HikariDataSource in Thread-5 
HikariPool-1 - Shutdown initiated...

2023-10-20 02:03:05,622 - [INFO] - from com.zaxxer.hikari.HikariDataSource in Thread-5 
HikariPool-1 - Shutdown completed.

2023-10-20 02:03:05,726 - [INFO] - from edu.carroll.cs389.Cs389Application in restartedMain 
Starting Cs389Application using Java 17.0.8.1 with PID 12512 (C:\Users\adria\Carroll Fall 2023\CS389\Would-You-Rather-Extravaganza-main\build\classes\java\main started by adria in C:\Users\adria\Carroll Fall 2023\CS389\Would-You-Rather-Extravaganza-main)

2023-10-20 02:03:05,726 - [INFO] - from edu.carroll.cs389.Cs389Application in restartedMain 
No active profile set, falling back to 1 default profile: "default"

2023-10-20 02:03:05,923 - [INFO] - from org.springframework.data.repository.config.RepositoryConfigurationDelegate in restartedMain 
Bootstrapping Spring Data JPA repositories in DEFAULT mode.

2023-10-20 02:03:05,936 - [INFO] - from org.springframework.data.repository.config.RepositoryConfigurationDelegate in restartedMain 
Finished Spring Data repository scanning in 13 ms. Found 2 JPA repository interfaces.

2023-10-20 02:03:06,020 - [INFO] - from org.springframework.boot.web.embedded.tomcat.TomcatWebServer in restartedMain 
Tomcat initialized with port(s): 8080 (http)

2023-10-20 02:03:06,021 - [INFO] - from org.apache.coyote.http11.Http11NioProtocol in restartedMain 
Initializing ProtocolHandler ["http-nio-8080"]

2023-10-20 02:03:06,021 - [INFO] - from org.apache.catalina.core.StandardService in restartedMain 
Starting service [Tomcat]

2023-10-20 02:03:06,021 - [INFO] - from org.apache.catalina.core.StandardEngine in restartedMain 
Starting Servlet engine: [Apache Tomcat/10.1.12]

2023-10-20 02:03:06,041 - [INFO] - from org.apache.catalina.core.ContainerBase.[Tomcat].[localhost].[/] in restartedMain 
Initializing Spring embedded WebApplicationContext

2023-10-20 02:03:06,041 - [INFO] - from org.springframework.boot.web.servlet.context.ServletWebServerApplicationContext in restartedMain 
Root WebApplicationContext: initialization completed in 313 ms

2023-10-20 02:03:06,050 - [INFO] - from com.zaxxer.hikari.HikariDataSource in restartedMain 
HikariPool-2 - Starting...

2023-10-20 02:03:06,063 - [INFO] - from com.zaxxer.hikari.pool.HikariPool in restartedMain 
HikariPool-2 - Added connection com.mysql.cj.jdbc.ConnectionImpl@1c49bb45

2023-10-20 02:03:06,063 - [INFO] - from com.zaxxer.hikari.HikariDataSource in restartedMain 
HikariPool-2 - Start completed.

2023-10-20 02:03:06,063 - [INFO] - from org.springframework.boot.autoconfigure.h2.H2ConsoleAutoConfiguration in restartedMain 
H2 console available at '/h2-console'. Database available at 'jdbc:mysql://localhost:3306/wouldyouratheroptions'

2023-10-20 02:03:06,082 - [INFO] - from org.hibernate.jpa.internal.util.LogHelper in restartedMain 
HHH000204: Processing PersistenceUnitInfo [name: default]

2023-10-20 02:03:06,093 - [INFO] - from SQL dialect in restartedMain 
HHH000400: Using dialect: org.hibernate.dialect.MySQLDialect

2023-10-20 02:03:06,168 - [INFO] - from org.hibernate.engine.transaction.jta.platform.internal.JtaPlatformInitiator in restartedMain 
HHH000490: Using JtaPlatform implementation: [org.hibernate.engine.transaction.jta.platform.internal.NoJtaPlatform]

2023-10-20 02:03:06,168 - [INFO] - from org.springframework.orm.jpa.LocalContainerEntityManagerFactoryBean in restartedMain 
Initialized JPA EntityManagerFactory for persistence unit 'default'

2023-10-20 02:03:06,304 - [WARN] - from org.springframework.boot.autoconfigure.orm.jpa.JpaBaseConfiguration$JpaWebConfiguration in restartedMain 
spring.jpa.open-in-view is enabled by default. Therefore, database queries may be performed during view rendering. Explicitly configure spring.jpa.open-in-view to disable this warning

2023-10-20 02:03:06,376 - [INFO] - from org.springframework.boot.devtools.autoconfigure.OptionalLiveReloadServer in restartedMain 
LiveReload server is running on port 35729

2023-10-20 02:03:06,381 - [INFO] - from org.apache.coyote.http11.Http11NioProtocol in restartedMain 
Starting ProtocolHandler ["http-nio-8080"]

2023-10-20 02:03:06,385 - [INFO] - from org.springframework.boot.web.embedded.tomcat.TomcatWebServer in restartedMain 
Tomcat started on port(s): 8080 (http) with context path ''

2023-10-20 02:03:06,389 - [INFO] - from edu.carroll.cs389.Cs389Application in restartedMain 
Started Cs389Application in 0.697 seconds (process running for 108.74)

2023-10-20 02:03:06,390 - [INFO] - from org.springframework.boot.devtools.autoconfigure.ConditionEvaluationDeltaLoggingListener in restartedMain 
Condition evaluation unchanged

2023-10-20 02:03:07,815 - [INFO] - from org.springframework.orm.jpa.LocalContainerEntityManagerFactoryBean in SpringApplicationShutdownHook 
Closing JPA EntityManagerFactory for persistence unit 'default'

2023-10-20 02:03:07,815 - [INFO] - from com.zaxxer.hikari.HikariDataSource in SpringApplicationShutdownHook 
HikariPool-2 - Shutdown initiated...

2023-10-20 02:03:07,819 - [INFO] - from com.zaxxer.hikari.HikariDataSource in SpringApplicationShutdownHook 
HikariPool-2 - Shutdown completed.

